<?xml version="1.0" encoding="UTF-8"?>
<persistence version="2.0" xmlns="http://java.sun.com/xml/ns/persistence"
             xmlns:xsi="http://www.w3.org/2001/XMLSchema-instance"
             xsi:schemaLocation="http://java.sun.com/xml/ns/persistence http://java.sun.com/xml/ns/persistence/persistence_2_0.xsd">
    <persistence-unit name="test" transaction-type="JTA">
        <description>EventLab Test</description>
        <provider>org.hibernate.ejb.HibernatePersistence</provider>
        <jta-data-source>jdbc/eventlab</jta-data-source>
        <class>entities.User</class>
        <class>entities.Event</class>
        <properties>
            <property name="hibernate.dialect" value="org.hibernate.dialect.DerbyDialect"/>
            <property name="hibernate.hbm2ddl.auto" value="create-drop"/>
            <property name="hibernate.jdbc.batch_size" value="0"/>
            <property name="hibernate.cache.use_second_level_cache" value="false"/>
            <property name="hibernate.show_sql" value="true"/>
            <property name="hibernate.format_sql" value="true"/>
        </properties>
    </persistence-unit>
</persistence>